<?xml version="1.0" encoding="UTF-8"?>
<!-- Generated by org.testng.reporters.JUnitXMLReporter -->
<testsuite hostname="VISHAL" name="Default test" tests="10" failures="0" timestamp="20 Sep 2016 11:18:33 GMT" time="36.223" errors="0">
  <testcase name="addTestCaseHeading" time="0.779" classname="eBastaRole.PublisherRoleTest"/>
  <testcase name="addNew_eContent" time="17.788" classname="eBastaRole.PublisherRoleTest"/>
  <testcase name="checkMy_eContents" time="1.443" classname="eBastaRole.PublisherRoleTest"/>
  <testcase name="checkMy_eContents1" time="2.821" classname="eBastaRole.PublisherRoleTest"/>
  <testcase name="checkLinks" time="1.462" classname="eBastaRole.PublisherRoleTest"/>
  <testcase name="checkLinks" time="1.406" classname="eBastaRole.PublisherRoleTest"/>
  <testcase name="checkLinks" time="1.403" classname="eBastaRole.PublisherRoleTest"/>
  <testcase name="checkLinks" time="1.403" classname="eBastaRole.PublisherRoleTest"/>
  <testcase name="checkPreview" time="4.693" classname="eBastaRole.PublisherRoleTest"/>
  <testcase name="logout" time="2.994" classname="eBastaRole.PublisherRoleTest"/>
</testsuite> <!-- Default test -->
