<?xml version="1.0" encoding="UTF-8"?>
<!-- Generated by org.testng.reporters.JUnitXMLReporter -->
<testsuite hostname="VISHAL" name="eBastaTest" tests="122" failures="0" timestamp="19 Dec 2016 08:56:38 GMT" time="667.644" errors="0">
  <testcase name="addTestCaseHeading" time="0.1" classname="eBastaRegistration.Register_eTailerTest"/>
  <testcase name="testUsername" time="5.913" classname="eBastaRegistration.Register_eTailerTest"/>
  <testcase name="testUsername" time="5.513" classname="eBastaRegistration.Register_eTailerTest"/>
  <testcase name="testUsername" time="5.676" classname="eBastaRegistration.Register_eTailerTest"/>
  <testcase name="testUsername" time="5.652" classname="eBastaRegistration.Register_eTailerTest"/>
  <testcase name="testUsername" time="5.537" classname="eBastaRegistration.Register_eTailerTest"/>
  <testcase name="testEmail" time="5.543" classname="eBastaRegistration.Register_eTailerTest"/>
  <testcase name="testEmail" time="5.783" classname="eBastaRegistration.Register_eTailerTest"/>
  <testcase name="testEmail" time="5.492" classname="eBastaRegistration.Register_eTailerTest"/>
  <testcase name="testEmail" time="5.599" classname="eBastaRegistration.Register_eTailerTest"/>
  <testcase name="testStateAndCity" time="3.361" classname="eBastaRegistration.Register_eTailerTest"/>
  <testcase name="testPostalCode" time="5.58" classname="eBastaRegistration.Register_eTailerTest"/>
  <testcase name="testPostalCode" time="5.539" classname="eBastaRegistration.Register_eTailerTest"/>
  <testcase name="testPostalCode" time="5.528" classname="eBastaRegistration.Register_eTailerTest"/>
  <testcase name="testPostalCode" time="5.506" classname="eBastaRegistration.Register_eTailerTest"/>
  <testcase name="testMobileNumber" time="6.057" classname="eBastaRegistration.Register_eTailerTest"/>
  <testcase name="testMobileNumber" time="6.084" classname="eBastaRegistration.Register_eTailerTest"/>
  <testcase name="testMobileNumber" time="6.113" classname="eBastaRegistration.Register_eTailerTest"/>
  <testcase name="testMobileNumber" time="6.14" classname="eBastaRegistration.Register_eTailerTest"/>
  <testcase name="testEtailerName" time="0.011" classname="eBastaRegistration.Register_eTailerTest"/>
  <testcase name="testEtailerName" time="0.011" classname="eBastaRegistration.Register_eTailerTest"/>
  <testcase name="testEtailerName" time="0.01" classname="eBastaRegistration.Register_eTailerTest"/>
  <testcase name="testEtailerName" time="0.009" classname="eBastaRegistration.Register_eTailerTest"/>
  <testcase name="testEtailerName" time="0.008" classname="eBastaRegistration.Register_eTailerTest"/>
  <testcase name="testNatureOfBusinessDropdown" time="3.851" classname="eBastaRegistration.Register_eTailerTest"/>
  <testcase name="createEtailer" time="20.146" classname="eBastaRegistration.Register_eTailerTest"/>
  <testcase name="addTestCaseHeading" time="0.018" classname="eBastaRegistration.RegisterPublisherTest"/>
  <testcase name="testUsername" time="5.411" classname="eBastaRegistration.RegisterPublisherTest"/>
  <testcase name="testUsername" time="5.507" classname="eBastaRegistration.RegisterPublisherTest"/>
  <testcase name="testUsername" time="5.384" classname="eBastaRegistration.RegisterPublisherTest"/>
  <testcase name="testUsername" time="5.515" classname="eBastaRegistration.RegisterPublisherTest"/>
  <testcase name="testUsername" time="5.487" classname="eBastaRegistration.RegisterPublisherTest"/>
  <testcase name="testEmail" time="5.47" classname="eBastaRegistration.RegisterPublisherTest"/>
  <testcase name="testEmail" time="5.411" classname="eBastaRegistration.RegisterPublisherTest"/>
  <testcase name="testEmail" time="5.444" classname="eBastaRegistration.RegisterPublisherTest"/>
  <testcase name="testEmail" time="5.64" classname="eBastaRegistration.RegisterPublisherTest"/>
  <testcase name="testStateAndCity" time="3.292" classname="eBastaRegistration.RegisterPublisherTest"/>
  <testcase name="testPostalCode" time="5.516" classname="eBastaRegistration.RegisterPublisherTest"/>
  <testcase name="testPostalCode" time="5.383" classname="eBastaRegistration.RegisterPublisherTest"/>
  <testcase name="testPostalCode" time="5.41" classname="eBastaRegistration.RegisterPublisherTest"/>
  <testcase name="testPostalCode" time="5.459" classname="eBastaRegistration.RegisterPublisherTest"/>
  <testcase name="testMobileNumber" time="6.056" classname="eBastaRegistration.RegisterPublisherTest"/>
  <testcase name="testMobileNumber" time="6.094" classname="eBastaRegistration.RegisterPublisherTest"/>
  <testcase name="testMobileNumber" time="6.182" classname="eBastaRegistration.RegisterPublisherTest"/>
  <testcase name="testMobileNumber" time="6.159" classname="eBastaRegistration.RegisterPublisherTest"/>
  <testcase name="createPublisher" time="19.364" classname="eBastaRegistration.RegisterPublisherTest"/>
  <testcase name="addTestCaseHeading" time="0.001" classname="eBastaRegistration.RegisterSchoolTest"/>
  <testcase name="testUsername" time="5.407" classname="eBastaRegistration.RegisterSchoolTest"/>
  <testcase name="testUsername" time="5.327" classname="eBastaRegistration.RegisterSchoolTest"/>
  <testcase name="testUsername" time="5.475" classname="eBastaRegistration.RegisterSchoolTest"/>
  <testcase name="testUsername" time="5.285" classname="eBastaRegistration.RegisterSchoolTest"/>
  <testcase name="testUsername" time="5.354" classname="eBastaRegistration.RegisterSchoolTest"/>
  <testcase name="testEmail" time="5.424" classname="eBastaRegistration.RegisterSchoolTest"/>
  <testcase name="testEmail" time="5.36" classname="eBastaRegistration.RegisterSchoolTest"/>
  <testcase name="testEmail" time="5.483" classname="eBastaRegistration.RegisterSchoolTest"/>
  <testcase name="testEmail" time="5.406" classname="eBastaRegistration.RegisterSchoolTest"/>
  <testcase name="testStateAndCity" time="3.244" classname="eBastaRegistration.RegisterSchoolTest"/>
  <testcase name="testPostalCode" time="5.336" classname="eBastaRegistration.RegisterSchoolTest"/>
  <testcase name="testPostalCode" time="5.396" classname="eBastaRegistration.RegisterSchoolTest"/>
  <testcase name="testPostalCode" time="5.407" classname="eBastaRegistration.RegisterSchoolTest"/>
  <testcase name="testPostalCode" time="5.377" classname="eBastaRegistration.RegisterSchoolTest"/>
  <testcase name="testMobileNumber" time="6.04" classname="eBastaRegistration.RegisterSchoolTest"/>
  <testcase name="testMobileNumber" time="6.068" classname="eBastaRegistration.RegisterSchoolTest"/>
  <testcase name="testMobileNumber" time="5.992" classname="eBastaRegistration.RegisterSchoolTest"/>
  <testcase name="testMobileNumber" time="6.082" classname="eBastaRegistration.RegisterSchoolTest"/>
  <testcase name="testTeacherName" time="0.013" classname="eBastaRegistration.RegisterSchoolTest"/>
  <testcase name="testSchoolDropdown" time="3.691" classname="eBastaRegistration.RegisterSchoolTest"/>
  <testcase name="createSchool" time="19.593" classname="eBastaRegistration.RegisterSchoolTest"/>
  <testcase name="addTestCaseHeading" time="0.001" classname="eBastaRole.PublisherRoleTest"/>
  <testcase name="addNew_eContent" time="17.491" classname="eBastaRole.PublisherRoleTest"/>
  <testcase name="checkMy_eContents" time="1.375" classname="eBastaRole.PublisherRoleTest"/>
  <testcase name="checkMy_eContents1" time="2.846" classname="eBastaRole.PublisherRoleTest"/>
  <testcase name="checkLinks" time="1.418" classname="eBastaRole.PublisherRoleTest"/>
  <testcase name="checkLinks" time="1.387" classname="eBastaRole.PublisherRoleTest"/>
  <testcase name="checkLinks" time="1.487" classname="eBastaRole.PublisherRoleTest"/>
  <testcase name="checkLinks" time="1.393" classname="eBastaRole.PublisherRoleTest"/>
  <testcase name="checkPreview" time="4.12" classname="eBastaRole.PublisherRoleTest"/>
  <testcase name="logout" time="3.087" classname="eBastaRole.PublisherRoleTest"/>
  <testcase name="addTestCaseHeading" time="0.001" classname="eBastaRole.TeacherRoleTest"/>
  <testcase name="emptyLoginTest" time="3.453" classname="eBastaRole.TeacherRoleTest"/>
  <testcase name="loginTest" time="16.437" classname="eBastaRole.TeacherRoleTest"/>
  <testcase name="create_eBasta" time="3.407" classname="eBastaRole.TeacherRoleTest"/>
  <testcase name="check_eBastaName" time="1.555" classname="eBastaRole.TeacherRoleTest"/>
  <testcase name="check_eBastaStatus" time="0.027" classname="eBastaRole.TeacherRoleTest"/>
  <testcase name="checkSaveButtonMessage" time="3.899" classname="eBastaRole.TeacherRoleTest"/>
  <testcase name="test_eBastaStatistics" time="4.501" classname="eBastaRole.TeacherRoleTest"/>
  <testcase name="downloadXLS" time="5.332" classname="eBastaRole.TeacherRoleTest"/>
  <testcase name="preview_eBasta" time="4.211" classname="eBastaRole.TeacherRoleTest"/>
  <testcase name="edit_eBasta" time="7.485" classname="eBastaRole.TeacherRoleTest"/>
  <testcase name="buy_eBasta" time="12.559" classname="eBastaRole.TeacherRoleTest"/>
  <testcase name="logOut" time="0.013" classname="eBastaRole.TeacherRoleTest"/>
  <testcase name="createFolder" time="0.022" classname="eBastaRole.TeacherRoleTest"/>
  <testcase name="renameFolder" time="0.022" classname="eBastaRole.TeacherRoleTest"/>
  <testcase name="cutFolder" time="0.021" classname="eBastaRole.TeacherRoleTest"/>
  <testcase name="copyFolder" time="0.024" classname="eBastaRole.TeacherRoleTest"/>
  <testcase name="addTestCaseHeading" time="0.029" classname="eBastaSearchOptions.QuickBuy"/>
  <testcase name="quickSearch" time="7.456" classname="eBastaSearchOptions.QuickBuy"/>
  <testcase name="anonymoseUserBuyProcess" time="8.128" classname="eBastaSearchOptions.QuickBuy"/>
  <testcase name="addTestCaseHeading" time="0.001" classname="eBastaSearchOptions.Search_eBastaTest"/>
  <testcase name="search_eBasta" time="7.25" classname="eBastaSearchOptions.Search_eBastaTest"/>
  <testcase name="search_eBasta" time="7.124" classname="eBastaSearchOptions.Search_eBastaTest"/>
  <testcase name="search_eBasta" time="7.089" classname="eBastaSearchOptions.Search_eBastaTest"/>
  <testcase name="search_eBastaAdvanced" time="8.084" classname="eBastaSearchOptions.Search_eBastaTest"/>
  <testcase name="search_eBastaAdvanced" time="7.841" classname="eBastaSearchOptions.Search_eBastaTest"/>
  <testcase name="search_eBastaAdvanced" time="7.761" classname="eBastaSearchOptions.Search_eBastaTest"/>
  <testcase name="check_eBastaGridViewDetails" time="8.644" classname="eBastaSearchOptions.Search_eBastaTest"/>
  <testcase name="check_eBastaTableViewDetails" time="4.483" classname="eBastaSearchOptions.Search_eBastaTest"/>
  <testcase name="addTestCaseHeading" time="0.013" classname="eBastaSearchOptions.Search_eContentTest"/>
  <testcase name="search_eContent" time="20.412" classname="eBastaSearchOptions.Search_eContentTest"/>
  <testcase name="eContentDetailsGrid" time="6.511" classname="eBastaSearchOptions.Search_eContentTest"/>
  <testcase name="eContentDetailsTable" time="9.264" classname="eBastaSearchOptions.Search_eContentTest"/>
  <testcase name="addTestCaseHeading" time="0.001" classname="eBastaTestingClasses.ForgetPasswordTest"/>
  <testcase name="testEmail" time="29.639" classname="eBastaTestingClasses.ForgetPasswordTest"/>
  <testcase name="testEmail" time="20.821" classname="eBastaTestingClasses.ForgetPasswordTest"/>
  <testcase name="addTestCaseHeading" time="0.002" classname="eBastaTestingClasses.LinksTest"/>
  <testcase name="checkLinks" time="2.667" classname="eBastaTestingClasses.LinksTest"/>
  <testcase name="checkLinks" time="1.286" classname="eBastaTestingClasses.LinksTest"/>
  <testcase name="checkLinks" time="2.594" classname="eBastaTestingClasses.LinksTest"/>
  <testcase name="checkLinks" time="2.553" classname="eBastaTestingClasses.LinksTest"/>
  <testcase name="checkLinks" time="2.815" classname="eBastaTestingClasses.LinksTest"/>
  <testcase name="checkLinks" time="2.621" classname="eBastaTestingClasses.LinksTest"/>
  <testcase name="checkLinks2" time="31.139" classname="eBastaTestingClasses.LinksTest"/>
</testsuite> <!-- eBastaTest -->
