<?xml version="1.0" encoding="UTF-8"?>
<!-- Generated by org.testng.reporters.JUnitReportReporter -->
<testsuite hostname="VISHAL" name="eBastaTestingClasses.RegisterSchoolTest" tests="22" failures="0" timestamp="8 Jun 2016 11:18:13 GMT" time="145.005" errors="0">
  <testcase name="testPostalCode" time="5.627" classname="eBastaTestingClasses.RegisterSchoolTest"/>
  <testcase name="testEmail" time="5.634" classname="eBastaTestingClasses.RegisterSchoolTest"/>
  <testcase name="testMobileNumber" time="6.168" classname="eBastaTestingClasses.RegisterSchoolTest"/>
  <testcase name="testUsername" time="5.527" classname="eBastaTestingClasses.RegisterSchoolTest"/>
  <testcase name="testEmail" time="5.607" classname="eBastaTestingClasses.RegisterSchoolTest"/>
  <testcase name="testTeacherName" time="0.017" classname="eBastaTestingClasses.RegisterSchoolTest"/>
  <testcase name="testEmail" time="5.568" classname="eBastaTestingClasses.RegisterSchoolTest"/>
  <testcase name="testUsername" time="5.413" classname="eBastaTestingClasses.RegisterSchoolTest"/>
  <testcase name="testPostalCode" time="5.611" classname="eBastaTestingClasses.RegisterSchoolTest"/>
  <testcase name="testPostalCode" time="5.745" classname="eBastaTestingClasses.RegisterSchoolTest"/>
  <testcase name="testMobileNumber" time="6.117" classname="eBastaTestingClasses.RegisterSchoolTest"/>
  <testcase name="testMobileNumber" time="6.218" classname="eBastaTestingClasses.RegisterSchoolTest"/>
  <testcase name="testUsername" time="5.486" classname="eBastaTestingClasses.RegisterSchoolTest"/>
  <testcase name="testUsername" time="5.404" classname="eBastaTestingClasses.RegisterSchoolTest"/>
  <testcase name="testMobileNumber" time="6.090" classname="eBastaTestingClasses.RegisterSchoolTest"/>
  <testcase name="createSchool" time="40.994" classname="eBastaTestingClasses.RegisterSchoolTest"/>
  <testcase name="addTestCaseHeading" time="0.002" classname="eBastaTestingClasses.RegisterSchoolTest"/>
  <testcase name="testStateAndCity" time="3.410" classname="eBastaTestingClasses.RegisterSchoolTest"/>
  <testcase name="testUsername" time="5.540" classname="eBastaTestingClasses.RegisterSchoolTest"/>
  <testcase name="testPostalCode" time="5.556" classname="eBastaTestingClasses.RegisterSchoolTest"/>
  <testcase name="testSchoolDropdown" time="3.719" classname="eBastaTestingClasses.RegisterSchoolTest"/>
  <testcase name="testEmail" time="5.552" classname="eBastaTestingClasses.RegisterSchoolTest"/>
</testsuite> <!-- eBastaTestingClasses.RegisterSchoolTest -->
