<?xml version="1.0" encoding="UTF-8"?>
<!-- Generated by org.testng.reporters.JUnitReportReporter -->
<testsuite hostname="VISHAL" name="eBastaTestingClasses.Search_eContentTest" tests="2" failures="0" timestamp="8 Jun 2016 11:18:13 GMT" time="18.581" errors="0">
  <testcase name="addTestCaseHeading" time="0.003" classname="eBastaTestingClasses.Search_eContentTest"/>
  <testcase name="search_eContent" time="18.578" classname="eBastaTestingClasses.Search_eContentTest"/>
</testsuite> <!-- eBastaTestingClasses.Search_eContentTest -->
