<?xml version="1.0" encoding="UTF-8"?>
<!-- Generated by org.testng.reporters.JUnitReportReporter -->
<testsuite hostname="VISHAL" name="eBastaTestingClasses.Create_eBastaTest" tests="17" failures="0" timestamp="8 Jun 2016 05:09:51 GMT" time="73.466" errors="0">
  <testcase name="buyEbasta" time="0.001" classname="eBastaTestingClasses.Create_eBastaTest"/>
  <testcase name="EmptyLoginTest" time="3.697" classname="eBastaTestingClasses.Create_eBastaTest"/>
  <testcase name="checkSaveButtonMessage" time="3.393" classname="eBastaTestingClasses.Create_eBastaTest"/>
  <testcase name="CreateEbasta" time="3.315" classname="eBastaTestingClasses.Create_eBastaTest"/>
  <testcase name="LogOut" time="1.826" classname="eBastaTestingClasses.Create_eBastaTest"/>
  <testcase name="Login" time="13.160" classname="eBastaTestingClasses.Create_eBastaTest"/>
  <testcase name="createFolder" time="18.305" classname="eBastaTestingClasses.Create_eBastaTest"/>
  <testcase name="checkEbastaStatus" time="0.058" classname="eBastaTestingClasses.Create_eBastaTest"/>
  <testcase name="test" time="0.134" classname="eBastaTestingClasses.Create_eBastaTest"/>
  <testcase name="testEbastaStatistics" time="4.238" classname="eBastaTestingClasses.Create_eBastaTest"/>
  <testcase name="copyFolder" time="3.963" classname="eBastaTestingClasses.Create_eBastaTest"/>
  <testcase name="downloadXLS" time="6.094" classname="eBastaTestingClasses.Create_eBastaTest"/>
  <testcase name="cutFolder" time="3.590" classname="eBastaTestingClasses.Create_eBastaTest"/>
  <testcase name="checkEbastaName" time="1.695" classname="eBastaTestingClasses.Create_eBastaTest"/>
  <testcase name="editEbasta" time="8.418" classname="eBastaTestingClasses.Create_eBastaTest"/>
  <testcase name="previewEbasta" time="0.001" classname="eBastaTestingClasses.Create_eBastaTest"/>
  <testcase name="renameFolder" time="1.578" classname="eBastaTestingClasses.Create_eBastaTest"/>
</testsuite> <!-- eBastaTestingClasses.Create_eBastaTest -->
