<?xml version="1.0" encoding="UTF-8"?>
<!-- Generated by org.testng.reporters.JUnitReportReporter -->
<testsuite hostname="VISHAL" name="eBastaTestingClasses.Search_eBastaTest" tests="7" failures="0" timestamp="8 Jun 2016 11:18:13 GMT" time="49.225" errors="0">
  <testcase name="search_eBastaAdvanced" time="8.600" classname="eBastaTestingClasses.Search_eBastaTest"/>
  <testcase name="addTestCaseHeading" time="0.002" classname="eBastaTestingClasses.Search_eBastaTest"/>
  <testcase name="search_eBasta" time="7.797" classname="eBastaTestingClasses.Search_eBastaTest"/>
  <testcase name="search_eBastaAdvanced" time="8.633" classname="eBastaTestingClasses.Search_eBastaTest"/>
  <testcase name="search_eBasta" time="7.896" classname="eBastaTestingClasses.Search_eBastaTest"/>
  <testcase name="search_eBasta" time="7.794" classname="eBastaTestingClasses.Search_eBastaTest"/>
  <testcase name="search_eBastaAdvanced" time="8.503" classname="eBastaTestingClasses.Search_eBastaTest"/>
</testsuite> <!-- eBastaTestingClasses.Search_eBastaTest -->
